This is pdfTeX, Version 3.14159265-2.6-1.40.21 (MiKTeX 20.10) (preloaded format=pdflatex 2020.10.27)  31 OCT 2020 15:26
entering extended mode
**./Calculus1.tex
(Calculus1.tex
LaTeX2e <2020-10-01> patch level 1
L3 programming layer <2020-10-05> xparse <2020-03-03>
("C:\Program Files\MiKTeX\tex/latex/base\article.cls"
Document Class: article 2020/04/10 v1.4m Standard LaTeX document class
("C:\Program Files\MiKTeX\tex/latex/base\size10.clo"
File: size10.clo 2020/04/10 v1.4m Standard LaTeX file (size option)
)
\c@part=\count175
\c@section=\count176
\c@subsection=\count177
\c@subsubsection=\count178
\c@paragraph=\count179
\c@subparagraph=\count180
\c@figure=\count181
\c@table=\count182
\abovecaptionskip=\skip47
\belowcaptionskip=\skip48
\bibindent=\dimen138
)
("C:\Program Files\MiKTeX\tex/latex/base\fontenc.sty"
Package: fontenc 2020/08/10 v2.0s Standard LaTeX package
)
("C:\Program Files\MiKTeX\tex/latex/amsmath\amsmath.sty"
Package: amsmath 2020/09/23 v2.17i AMS math features
\@mathmargin=\skip49

For additional information on amsmath, use the `?' option.
("C:\Program Files\MiKTeX\tex/latex/amsmath\amstext.sty"
Package: amstext 2000/06/29 v2.01 AMS text

("C:\Program Files\MiKTeX\tex/latex/amsmath\amsgen.sty"
File: amsgen.sty 1999/11/30 v2.0 generic functions
\@emptytoks=\toks15
\ex@=\dimen139
))
("C:\Program Files\MiKTeX\tex/latex/amsmath\amsbsy.sty"
Package: amsbsy 1999/11/29 v1.2d Bold Symbols
\pmbraise@=\dimen140
)
("C:\Program Files\MiKTeX\tex/latex/amsmath\amsopn.sty"
Package: amsopn 2016/03/08 v2.02 operator names
)
\inf@bad=\count183
LaTeX Info: Redefining \frac on input line 234.
\uproot@=\count184
\leftroot@=\count185
LaTeX Info: Redefining \overline on input line 399.
\classnum@=\count186
\DOTSCASE@=\count187
LaTeX Info: Redefining \ldots on input line 496.
LaTeX Info: Redefining \dots on input line 499.
LaTeX Info: Redefining \cdots on input line 620.
\Mathstrutbox@=\box47
\strutbox@=\box48
\big@size=\dimen141
LaTeX Font Info:    Redeclaring font encoding OML on input line 743.
LaTeX Font Info:    Redeclaring font encoding OMS on input line 744.
\macc@depth=\count188
\c@MaxMatrixCols=\count189
\dotsspace@=\muskip16
\c@parentequation=\count190
\dspbrk@lvl=\count191
\tag@help=\toks16
\row@=\count192
\column@=\count193
\maxfields@=\count194
\andhelp@=\toks17
\eqnshift@=\dimen142
\alignsep@=\dimen143
\tagshift@=\dimen144
\tagwidth@=\dimen145
\totwidth@=\dimen146
\lineht@=\dimen147
\@envbody=\toks18
\multlinegap=\skip50
\multlinetaggap=\skip51
\mathdisplay@stack=\toks19
LaTeX Info: Redefining \[ on input line 2923.
LaTeX Info: Redefining \] on input line 2924.
)
("C:\Program Files\MiKTeX\tex/generic/babel\babel.sty"
Package: babel 2020/10/06 3.50 The Babel package

("C:\Program Files\MiKTeX\tex/generic/babel\babel.def"
File: babel.def 2020/10/06 3.50 Babel common definitions
\babel@savecnt=\count195
\U@D=\dimen148
\l@babelnohyphens=\language79

("C:\Program Files\MiKTeX\tex/generic/babel\txtbabel.def")
\bbl@readstream=\read2
)
\bbl@dirlevel=\count196

*************************************
* Local config file bblopts.cfg used
*
("C:\Program Files\MiKTeX\tex/latex/arabi\bblopts.cfg"
File: bblopts.cfg 2005/09/08 v0.1 add Arabic and Farsi to "declared" options of
 babel
)
("C:\Program Files\MiKTeX\tex/latex/babel-english\english.ldf"
Language: english 2017/06/06 v3.3r English support from the babel system
Package babel Info: \l@canadian = using hyphenrules for english
(babel)             (\language0) on input line 102.
Package babel Info: \l@australian = using hyphenrules for ukenglish
(babel)             (\language73) on input line 105.
Package babel Info: \l@newzealand = using hyphenrules for ukenglish
(babel)             (\language73) on input line 108.
))
("C:\Program Files\MiKTeX\tex/latex/l3backend\l3backend-pdftex.def"
File: l3backend-pdftex.def 2020-09-24 L3 backend support: PDF output (pdfTeX)
\l__kernel_color_stack_int=\count197
\l__pdf_internal_box=\box49
)
No file Calculus1.aux.
\openout1 = `Calculus1.aux'.

LaTeX Font Info:    Checking defaults for OML/cmm/m/it on input line 7.
LaTeX Font Info:    ... okay on input line 7.
LaTeX Font Info:    Checking defaults for OMS/cmsy/m/n on input line 7.
LaTeX Font Info:    ... okay on input line 7.
LaTeX Font Info:    Checking defaults for OT1/cmr/m/n on input line 7.
LaTeX Font Info:    ... okay on input line 7.
LaTeX Font Info:    Checking defaults for T1/cmr/m/n on input line 7.
LaTeX Font Info:    ... okay on input line 7.
LaTeX Font Info:    Checking defaults for TS1/cmr/m/n on input line 7.
LaTeX Font Info:    ... okay on input line 7.
LaTeX Font Info:    Checking defaults for OMX/cmex/m/n on input line 7.
LaTeX Font Info:    ... okay on input line 7.
LaTeX Font Info:    Checking defaults for U/cmr/m/n on input line 7.
LaTeX Font Info:    ... okay on input line 7.

LaTeX Warning: No \author given.

Calculus1.tex:41: Missing $ inserted.
<inserted text> 
                $
l.41 \frac{tt}{df}
                  
I've inserted a begin-math/end-math symbol since I think
you left one out. Proceed, with fingers crossed.

Calculus1.tex:41: Extra }, or forgotten $.
\frac  #1#2->{\begingroup #1\endgroup \@@over #2}
                                                 
l.41 \frac{tt}{df}
                  
I've deleted a group-closing symbol because it seems to be
spurious, as in `$x}$'. But perhaps the } is legitimate and
you forgot something else, as in `\hbox{$x}'. In such cases
the way to recover is to insert both the forgotten and the
deleted material, e.g., by typing `I$}'.

Calculus1.tex:42: Missing $ inserted.
<inserted text> 
                $
l.42 
     
I've inserted a begin-math/end-math symbol since I think
you left one out. Proceed, with fingers crossed.

[1

{C:/Users/mathi/AppData/Local/MiKTeX/pdftex/config/pdftex.map}]
(C:/Repositories\Courses\Mathematics\out\Calculus1.aux) )
(\end occurred inside a group at level 1)

### simple group (level 1) entered at line 41 ({)
### bottom level 
Here is how much of TeX's memory you used:
 2001 strings out of 480310
 26574 string characters out of 2891348
 314237 words of memory out of 3000000
 18515 multiletter control sequences out of 15000+200000
 543566 words of font info for 49 fonts, out of 3000000 for 9000
 1141 hyphenation exceptions out of 8191
 59i,8n,66p,225b,195s stack positions out of 5000i,500n,10000p,200000b,50000s
 <C:\Users\mathi\AppData\Local\MiKTeX\fonts/pk/ljfour/jknappen/
ec/dpi600\ecrm1000.pk> <C:\Users\mathi\AppData\Local\MiKTeX\fonts/pk/ljfour/jkn
appen/ec/dpi600\ecbx1200.pk> <C:\Users\mathi\AppData\Local\MiKTeX\fonts/pk/ljfo
ur/jknappen/ec/dpi600\ecbx1440.pk> <C:\Users\mathi\AppData\Local\MiKTeX\fonts/p
k/ljfour/jknappen/ec/dpi600\ecrm1200.pk> <C:\Users\mathi\AppData\Local\MiKTeX\f
onts/pk/ljfour/jknappen/ec/dpi600\ecrm1728.pk><C:/Program Files/MiKTeX/fonts/ty
pe1/public/amsfonts/cm/cmmi10.pfb><C:/Program Files/MiKTeX/fonts/type1/public/a
msfonts/cm/cmmi7.pfb><C:/Program Files/MiKTeX/fonts/type1/public/amsfonts/cm/cm
r10.pfb><C:/Program Files/MiKTeX/fonts/type1/public/amsfonts/cm/cmr7.pfb><C:/Pr
ogram Files/MiKTeX/fonts/type1/public/amsfonts/cm/cmsy10.pfb>
Output written on C:/Repositories\Courses\Mathematics\out\Calculus1.pdf (1 page
, 69647 bytes).
PDF statistics:
 124 PDF objects out of 1000 (max. 8388607)
 0 named destinations out of 1000 (max. 500000)
 1 words of extra memory for PDF output out of 10000 (max. 10000000)

